e:\workspace\visualstudio\ktr_lib\release\ktr_lib.bsc
e:\workspace\visualstudio\ktr_lib\ktr_lib\release\ktr_lib.pch
e:\workspace\visualstudio\ktr_lib\ktr_lib\release\vc120.pdb
e:\workspace\visualstudio\ktr_lib\ktr_lib\release\robotcontroller.sbr
e:\workspace\visualstudio\ktr_lib\ktr_lib\release\robotcontroller.obj
e:\workspace\visualstudio\ktr_lib\ktr_lib\release\dllmain.sbr
e:\workspace\visualstudio\ktr_lib\ktr_lib\release\dllmain.obj
e:\workspace\visualstudio\ktr_lib\ktr_lib\release\frame.sbr
e:\workspace\visualstudio\ktr_lib\ktr_lib\release\frame.obj
e:\workspace\visualstudio\ktr_lib\ktr_lib\release\frm_data.sbr
e:\workspace\visualstudio\ktr_lib\ktr_lib\release\frm_data.obj
e:\workspace\visualstudio\ktr_lib\ktr_lib\release\frm_lift.sbr
e:\workspace\visualstudio\ktr_lib\ktr_lib\release\frm_lift.obj
e:\workspace\visualstudio\ktr_lib\ktr_lib\release\frm_walk.sbr
e:\workspace\visualstudio\ktr_lib\ktr_lib\release\frm_walk.obj
e:\workspace\visualstudio\ktr_lib\ktr_lib\release\stdafx.sbr
e:\workspace\visualstudio\ktr_lib\ktr_lib\release\stdafx.obj
e:\workspace\visualstudio\ktr_lib\ktr_lib\release\serialcomm.sbr
e:\workspace\visualstudio\ktr_lib\ktr_lib\release\serialcomm.obj
e:\workspace\visualstudio\ktr_lib\release\ktr_lib.lib
e:\workspace\visualstudio\ktr_lib\release\ktr_lib.exp
e:\workspace\visualstudio\ktr_lib\release\ktr_lib.dll
e:\workspace\visualstudio\ktr_lib\release\ktr_lib.pdb
e:\workspace\visualstudio\ktr_lib\ktr_lib\release\ktr_lib.tlog\bscmake.command.1.tlog
e:\workspace\visualstudio\ktr_lib\ktr_lib\release\ktr_lib.tlog\bscmake.read.1.tlog
e:\workspace\visualstudio\ktr_lib\ktr_lib\release\ktr_lib.tlog\bscmake.write.1.tlog
e:\workspace\visualstudio\ktr_lib\ktr_lib\release\ktr_lib.tlog\cl.command.1.tlog
e:\workspace\visualstudio\ktr_lib\ktr_lib\release\ktr_lib.tlog\cl.read.1.tlog
e:\workspace\visualstudio\ktr_lib\ktr_lib\release\ktr_lib.tlog\cl.write.1.tlog
e:\workspace\visualstudio\ktr_lib\ktr_lib\release\ktr_lib.tlog\ktr_lib.write.1u.tlog
e:\workspace\visualstudio\ktr_lib\ktr_lib\release\ktr_lib.tlog\link.command.1.tlog
e:\workspace\visualstudio\ktr_lib\ktr_lib\release\ktr_lib.tlog\link.read.1.tlog
e:\workspace\visualstudio\ktr_lib\ktr_lib\release\ktr_lib.tlog\link.write.1.tlog
