e:\workspace\visualstudio\ilc-robot-serialcomm-vs\release\serialcomm.bsc
e:\workspace\visualstudio\ilc-robot-serialcomm-vs\serialcomm\release\serialcomm.pch
e:\workspace\visualstudio\ilc-robot-serialcomm-vs\serialcomm\release\vc120.pdb
e:\workspace\visualstudio\ilc-robot-serialcomm-vs\serialcomm\release\robotcontroller.sbr
e:\workspace\visualstudio\ilc-robot-serialcomm-vs\serialcomm\release\robotcontroller.obj
e:\workspace\visualstudio\ilc-robot-serialcomm-vs\serialcomm\release\dllmain.sbr
e:\workspace\visualstudio\ilc-robot-serialcomm-vs\serialcomm\release\dllmain.obj
e:\workspace\visualstudio\ilc-robot-serialcomm-vs\serialcomm\release\frame.sbr
e:\workspace\visualstudio\ilc-robot-serialcomm-vs\serialcomm\release\frame.obj
e:\workspace\visualstudio\ilc-robot-serialcomm-vs\serialcomm\release\frm_data.sbr
e:\workspace\visualstudio\ilc-robot-serialcomm-vs\serialcomm\release\frm_data.obj
e:\workspace\visualstudio\ilc-robot-serialcomm-vs\serialcomm\release\frm_lift.sbr
e:\workspace\visualstudio\ilc-robot-serialcomm-vs\serialcomm\release\frm_lift.obj
e:\workspace\visualstudio\ilc-robot-serialcomm-vs\serialcomm\release\frm_walk.sbr
e:\workspace\visualstudio\ilc-robot-serialcomm-vs\serialcomm\release\frm_walk.obj
e:\workspace\visualstudio\ilc-robot-serialcomm-vs\serialcomm\release\serialcomm.sbr
e:\workspace\visualstudio\ilc-robot-serialcomm-vs\serialcomm\release\serialcomm.obj
e:\workspace\visualstudio\ilc-robot-serialcomm-vs\serialcomm\release\stdafx.sbr
e:\workspace\visualstudio\ilc-robot-serialcomm-vs\serialcomm\release\stdafx.obj
e:\workspace\visualstudio\ilc-robot-serialcomm-vs\serialcomm\release\tr_lib.sbr
e:\workspace\visualstudio\ilc-robot-serialcomm-vs\serialcomm\release\tr_lib.obj
e:\workspace\visualstudio\ilc-robot-serialcomm-vs\release\serialcomm.dll
e:\workspace\visualstudio\ilc-robot-serialcomm-vs\release\serialcomm.pdb
e:\workspace\visualstudio\ilc-robot-serialcomm-vs\release\serialcomm.lib
e:\workspace\visualstudio\ilc-robot-serialcomm-vs\release\serialcomm.exp
e:\workspace\visualstudio\ilc-robot-serialcomm-vs\serialcomm\release\serialcomm.tlog\bscmake.command.1.tlog
e:\workspace\visualstudio\ilc-robot-serialcomm-vs\serialcomm\release\serialcomm.tlog\bscmake.read.1.tlog
e:\workspace\visualstudio\ilc-robot-serialcomm-vs\serialcomm\release\serialcomm.tlog\bscmake.write.1.tlog
e:\workspace\visualstudio\ilc-robot-serialcomm-vs\serialcomm\release\serialcomm.tlog\cl.command.1.tlog
e:\workspace\visualstudio\ilc-robot-serialcomm-vs\serialcomm\release\serialcomm.tlog\cl.read.1.tlog
e:\workspace\visualstudio\ilc-robot-serialcomm-vs\serialcomm\release\serialcomm.tlog\cl.write.1.tlog
e:\workspace\visualstudio\ilc-robot-serialcomm-vs\serialcomm\release\serialcomm.tlog\link.command.1.tlog
e:\workspace\visualstudio\ilc-robot-serialcomm-vs\serialcomm\release\serialcomm.tlog\link.read.1.tlog
e:\workspace\visualstudio\ilc-robot-serialcomm-vs\serialcomm\release\serialcomm.tlog\link.write.1.tlog
e:\workspace\visualstudio\ilc-robot-serialcomm-vs\serialcomm\release\serialcomm.tlog\serialcomm.write.1u.tlog
